2025-10-15 00:24:03,742 [INFO] LogOutputStream:77 - [STDOUT_REDIRECT] 
2025-10-15 00:28:46,498 [ERROR] LogOutputStream:75 - [STDERR_REDIRECT] Exception in thread "AWT-EventQueue-0" java.lang.ClassCastException: class sun.lwawt.macosx.CViewEmbeddedFrame cannot be cast to class javax.swing.JFrame (sun.lwawt.macosx.CViewEmbeddedFrame and javax.swing.JFrame are in module java.desktop of loader 'bootstrap')
2025-10-15 00:28:46,506 [ERROR] LogOutputStream:75 - [STDERR_REDIRECT] 	at com.st.microxplorer.plugins.clock.ClockConfigurationView.activatePlugin(ClockConfigurationView.java:424)
2025-10-15 00:28:46,507 [ERROR] LogOutputStream:75 - [STDERR_REDIRECT] 	at com.st.microxplorer.maingui.MainPanel$1.stateChanged(MainPanel.java:385)
2025-10-15 00:28:46,507 [ERROR] LogOutputStream:75 - [STDERR_REDIRECT] 	at java.desktop/javax.swing.JTabbedPane.fireStateChanged(JTabbedPane.java:446)
2025-10-15 00:28:46,507 [ERROR] LogOutputStream:75 - [STDERR_REDIRECT] 	at java.desktop/javax.swing.JTabbedPane$ModelListener.stateChanged(JTabbedPane.java:297)
2025-10-15 00:28:46,507 [ERROR] LogOutputStream:75 - [STDERR_REDIRECT] 	at java.desktop/javax.swing.DefaultSingleSelectionModel.fireStateChanged(DefaultSingleSelectionModel.java:148)
2025-10-15 00:28:46,507 [ERROR] LogOutputStream:75 - [STDERR_REDIRECT] 	at java.desktop/javax.swing.DefaultSingleSelectionModel.setSelectedIndex(DefaultSingleSelectionModel.java:79)
2025-10-15 00:28:46,507 [ERROR] LogOutputStream:75 - [STDERR_REDIRECT] 	at java.desktop/javax.swing.JTabbedPane.setSelectedIndexImpl(JTabbedPane.java:650)
2025-10-15 00:28:46,507 [ERROR] LogOutputStream:75 - [STDERR_REDIRECT] 	at java.desktop/javax.swing.JTabbedPane.setSelectedIndex(JTabbedPane.java:625)
2025-10-15 00:28:46,507 [ERROR] LogOutputStream:75 - [STDERR_REDIRECT] 	at java.desktop/javax.swing.plaf.basic.BasicTabbedPaneUI$Handler.mousePressed(BasicTabbedPaneUI.java:4140)
2025-10-15 00:28:46,507 [ERROR] LogOutputStream:75 - [STDERR_REDIRECT] 	at java.desktop/java.awt.Component.processMouseEvent(Component.java:6618)
2025-10-15 00:28:46,508 [ERROR] LogOutputStream:75 - [STDERR_REDIRECT] 	at java.desktop/javax.swing.JComponent.processMouseEvent(JComponent.java:3398)
2025-10-15 00:28:46,508 [ERROR] LogOutputStream:75 - [STDERR_REDIRECT] 	at java.desktop/java.awt.Component.processEvent(Component.java:6386)
2025-10-15 00:28:46,508 [ERROR] LogOutputStream:75 - [STDERR_REDIRECT] 	at java.desktop/java.awt.Container.processEvent(Container.java:2266)
2025-10-15 00:28:46,508 [ERROR] LogOutputStream:75 - [STDERR_REDIRECT] 	at java.desktop/java.awt.Component.dispatchEventImpl(Component.java:4996)
2025-10-15 00:28:46,508 [ERROR] LogOutputStream:75 - [STDERR_REDIRECT] 	at java.desktop/java.awt.Container.dispatchEventImpl(Container.java:2324)
2025-10-15 00:28:46,508 [ERROR] LogOutputStream:75 - [STDERR_REDIRECT] 	at java.desktop/java.awt.Component.dispatchEvent(Component.java:4828)
2025-10-15 00:28:46,509 [ERROR] LogOutputStream:75 - [STDERR_REDIRECT] 	at java.desktop/java.awt.LightweightDispatcher.retargetMouseEvent(Container.java:4948)
2025-10-15 00:28:46,509 [ERROR] LogOutputStream:75 - [STDERR_REDIRECT] 	at java.desktop/java.awt.LightweightDispatcher.processMouseEvent(Container.java:4572)
2025-10-15 00:28:46,509 [ERROR] LogOutputStream:75 - [STDERR_REDIRECT] 	at java.desktop/java.awt.LightweightDispatcher.dispatchEvent(Container.java:4516)
2025-10-15 00:28:46,509 [ERROR] LogOutputStream:75 - [STDERR_REDIRECT] 	at java.desktop/java.awt.Container.dispatchEventImpl(Container.java:2310)
2025-10-15 00:28:46,509 [ERROR] LogOutputStream:75 - [STDERR_REDIRECT] 	at java.desktop/java.awt.Component.dispatchEvent(Component.java:4828)
2025-10-15 00:28:46,509 [ERROR] LogOutputStream:75 - [STDERR_REDIRECT] 	at java.desktop/java.awt.EventQueue.dispatchEventImpl(EventQueue.java:775)
2025-10-15 00:28:46,509 [ERROR] LogOutputStream:75 - [STDERR_REDIRECT] 	at java.desktop/java.awt.EventQueue$4.run(EventQueue.java:720)
2025-10-15 00:28:46,509 [ERROR] LogOutputStream:75 - [STDERR_REDIRECT] 	at java.desktop/java.awt.EventQueue$4.run(EventQueue.java:714)
2025-10-15 00:28:46,510 [ERROR] LogOutputStream:75 - [STDERR_REDIRECT] 	at java.base/java.security.AccessController.doPrivileged(AccessController.java:400)
2025-10-15 00:28:46,510 [ERROR] LogOutputStream:75 - [STDERR_REDIRECT] 	at java.base/java.security.ProtectionDomain$JavaSecurityAccessImpl.doIntersectionPrivilege(ProtectionDomain.java:87)
2025-10-15 00:28:46,510 [ERROR] LogOutputStream:75 - [STDERR_REDIRECT] 	at java.base/java.security.ProtectionDomain$JavaSecurityAccessImpl.doIntersectionPrivilege(ProtectionDomain.java:98)
2025-10-15 00:28:46,510 [ERROR] LogOutputStream:75 - [STDERR_REDIRECT] 	at java.desktop/java.awt.EventQueue$5.run(EventQueue.java:747)
2025-10-15 00:28:46,510 [ERROR] LogOutputStream:75 - [STDERR_REDIRECT] 	at java.desktop/java.awt.EventQueue$5.run(EventQueue.java:745)
2025-10-15 00:28:46,510 [ERROR] LogOutputStream:75 - [STDERR_REDIRECT] 	at java.base/java.security.AccessController.doPrivileged(AccessController.java:400)
2025-10-15 00:28:46,510 [ERROR] LogOutputStream:75 - [STDERR_REDIRECT] 	at java.base/java.security.ProtectionDomain$JavaSecurityAccessImpl.doIntersectionPrivilege(ProtectionDomain.java:87)
2025-10-15 00:28:46,510 [ERROR] LogOutputStream:75 - [STDERR_REDIRECT] 	at java.desktop/java.awt.EventQueue.dispatchEvent(EventQueue.java:744)
2025-10-15 00:28:46,510 [ERROR] LogOutputStream:75 - [STDERR_REDIRECT] 	at java.desktop/java.awt.EventDispatchThread.pumpOneEventForFilters(EventDispatchThread.java:203)
2025-10-15 00:28:46,510 [ERROR] LogOutputStream:75 - [STDERR_REDIRECT] 	at java.desktop/java.awt.EventDispatchThread.pumpEventsForFilter(EventDispatchThread.java:124)
2025-10-15 00:28:46,511 [ERROR] LogOutputStream:75 - [STDERR_REDIRECT] 	at java.desktop/java.awt.EventDispatchThread.pumpEventsForHierarchy(EventDispatchThread.java:113)
2025-10-15 00:28:46,511 [ERROR] LogOutputStream:75 - [STDERR_REDIRECT] 	at java.desktop/java.awt.EventDispatchThread.pumpEvents(EventDispatchThread.java:109)
2025-10-15 00:28:46,511 [ERROR] LogOutputStream:75 - [STDERR_REDIRECT] 	at java.desktop/java.awt.EventDispatchThread.pumpEvents(EventDispatchThread.java:101)
2025-10-15 00:28:46,511 [ERROR] LogOutputStream:75 - [STDERR_REDIRECT] 	at java.desktop/java.awt.EventDispatchThread.run(EventDispatchThread.java:90)
2025-10-15 10:33:47,620 [ERROR] ConfigurationRetriever:142 - IOException on connection: PKIX path building failed: sun.security.provider.certpath.SunCertPathBuilderException: unable to find valid certification path to requested target
2025-10-15 10:33:47,917 [ERROR] ConfigurationRetriever:142 - IOException on connection: PKIX path building failed: sun.security.provider.certpath.SunCertPathBuilderException: unable to find valid certification path to requested target
2025-10-15 10:33:48,468 [ERROR] ConfigurationRetriever:142 - IOException on connection: PKIX path building failed: sun.security.provider.certpath.SunCertPathBuilderException: unable to find valid certification path to requested target
2025-10-15 10:33:51,578 [ERROR] ConfigurationRetriever:142 - IOException on connection: PKIX path building failed: sun.security.provider.certpath.SunCertPathBuilderException: unable to find valid certification path to requested target
2025-10-15 10:33:52,140 [ERROR] ConfigurationRetriever:142 - IOException on connection: PKIX path building failed: sun.security.provider.certpath.SunCertPathBuilderException: unable to find valid certification path to requested target
2025-10-15 10:33:52,772 [ERROR] ConfigurationRetriever:142 - IOException on connection: PKIX path building failed: sun.security.provider.certpath.SunCertPathBuilderException: unable to find valid certification path to requested target
2025-10-15 11:08:35,293 [ERROR] AdobePublisher:187 - Exception while getting the server answer: java.net.SocketTimeoutException: Read timed out
2025-10-15 12:31:07,002 [ERROR] ConfigurationRetriever:142 - IOException on connection: sw-center.st.com
2025-10-15 12:31:07,020 [ERROR] ConfigurationRetriever:142 - IOException on connection: sw-center.st.com
2025-10-15 12:31:07,021 [ERROR] ConfigurationRetriever:142 - IOException on connection: sw-center.st.com
2025-10-15 12:52:44,856 [INFO] Activator:176 - 


2025-10-15 12:52:44,858 [INFO] Activator:177 - !SESSION log4j initialized
2025-10-15 12:52:48,559 [INFO] LogOutputStream:77 - [STDOUT_REDIRECT] 
2025-10-15 12:52:49,649 [ERROR] LogOutputStream:75 - [STDERR_REDIRECT] 
2025-10-15 12:52:56,249 [INFO] LogOutputStream:77 - [STDOUT_REDIRECT] 
2025-10-15 12:53:03,373 [INFO] ApplicationProperties:184 - Using Application install path: /Applications/STM32CubeIDE.app/Contents/Eclipse/plugins/com.st.stm32cube.common.mx_6.15.0.202507011659
2025-10-15 12:53:03,385 [INFO] DbMcusXml:78 - Set database path to: /Applications/STM32CubeIDE.app/Contents/Eclipse/plugins/com.st.stm32cube.common.mx_6.15.0.202507011659//db//mcu/
2025-10-15 12:53:03,385 [INFO] ApiDb:274 - Set plugin database path to: /Applications/STM32CubeIDE.app/Contents/Eclipse/plugins/com.st.stm32cube.common.mx_6.15.0.202507011659//db//plugins/boardmanager/
2025-10-15 12:53:03,386 [WARN] ApiDb:259 - Overriding images path with different value:  => /Applications/STM32CubeIDE.app/Contents/Eclipse/plugins/com.st.stm32cube.common.mx_6.15.0.202507011659//db//plugins/mcufinder/images/
2025-10-15 12:53:03,392 [INFO] ApiDb:250 - Set database path to: /Users/thxssio/.stmcufinder/plugins/mcufinder//mcu/
2025-10-15 12:53:03,393 [INFO] DbMcusAds:125 - Set database path to: /Users/thxssio/.stmcufinder/plugins/mcufinder//mcu/
2025-10-15 12:53:04,397 [INFO] CrossReferenceDbSqlite:203 - Set database path to: /Users/thxssio/.stmcufinder/plugins/mcufinder//mcu/cs/
2025-10-15 12:53:04,523 [INFO] RulesReader:64 - Compatibility file has been processed (317 Rules)
2025-10-15 12:53:04,564 [INFO] DbMcusXml:78 - Set database path to: /Applications/STM32CubeIDE.app/Contents/Eclipse/plugins/com.st.stm32cube.common.mx_6.15.0.202507011659//db//mcu/
2025-10-15 12:53:04,564 [INFO] ApiDb:274 - Set plugin database path to: /Applications/STM32CubeIDE.app/Contents/Eclipse/plugins/com.st.stm32cube.common.mx_6.15.0.202507011659//db//plugins/boardmanager/
2025-10-15 12:53:04,564 [INFO] ApiDb:261 - Set plugin images path to: /Applications/STM32CubeIDE.app/Contents/Eclipse/plugins/com.st.stm32cube.common.mx_6.15.0.202507011659//db//plugins/mcufinder/images/
2025-10-15 12:53:04,565 [WARN] DbFile:41 - Overriding database path with different value: /Users/thxssio/.stmcufinder/plugins/mcufinder/ => /Users/thxssio/.stmcufinder/plugins/mcufinder
2025-10-15 12:53:04,565 [INFO] ApiDb:250 - Set database path to: /Users/thxssio/.stmcufinder/plugins/mcufinder//mcu/
2025-10-15 12:53:04,565 [WARN] DbFile:41 - Overriding database path with different value: /Users/thxssio/.stmcufinder/plugins/mcufinder/ => /Users/thxssio/.stmcufinder/plugins/mcufinder
2025-10-15 12:53:04,565 [INFO] DbMcusAds:125 - Set database path to: /Users/thxssio/.stmcufinder/plugins/mcufinder//mcu/
2025-10-15 12:53:04,565 [WARN] DbFile:41 - Overriding database path with different value: /Users/thxssio/.stmcufinder/plugins/mcufinder/ => /Users/thxssio/.stmcufinder/plugins/mcufinder
2025-10-15 12:53:04,565 [WARN] DbFile:41 - Overriding database path with different value: /Users/thxssio/.stmcufinder/plugins/mcufinder/ => /Users/thxssio/.stmcufinder/plugins/mcufinder
2025-10-15 12:53:05,568 [INFO] CrossReferenceDbSqlite:203 - Set database path to: /Users/thxssio/.stmcufinder/plugins/mcufinder//mcu/cs/
2025-10-15 12:53:05,654 [INFO] MainPanel:274 - HeapMemory: 268435456
2025-10-15 12:53:06,000 [INFO] DbMcusXml:78 - Set database path to: /Applications/STM32CubeIDE.app/Contents/Eclipse/plugins/com.st.stm32cube.common.mx_6.15.0.202507011659//db//mcu/
2025-10-15 12:53:06,001 [INFO] ApiDb:274 - Set plugin database path to: /Applications/STM32CubeIDE.app/Contents/Eclipse/plugins/com.st.stm32cube.common.mx_6.15.0.202507011659//db//plugins/boardmanager/
2025-10-15 12:53:06,001 [INFO] ApiDb:261 - Set plugin images path to: /Applications/STM32CubeIDE.app/Contents/Eclipse/plugins/com.st.stm32cube.common.mx_6.15.0.202507011659//db//plugins/mcufinder/images/
2025-10-15 12:53:06,001 [WARN] DbFile:41 - Overriding database path with different value: /Users/thxssio/.stmcufinder/plugins/mcufinder/ => /Users/thxssio/.stmcufinder/plugins/mcufinder
2025-10-15 12:53:06,001 [INFO] ApiDb:250 - Set database path to: /Users/thxssio/.stmcufinder/plugins/mcufinder//mcu/
2025-10-15 12:53:06,001 [WARN] DbFile:41 - Overriding database path with different value: /Users/thxssio/.stmcufinder/plugins/mcufinder/ => /Users/thxssio/.stmcufinder/plugins/mcufinder
2025-10-15 12:53:06,001 [INFO] DbMcusAds:125 - Set database path to: /Users/thxssio/.stmcufinder/plugins/mcufinder//mcu/
2025-10-15 12:53:06,001 [WARN] DbFile:41 - Overriding database path with different value: /Users/thxssio/.stmcufinder/plugins/mcufinder/ => /Users/thxssio/.stmcufinder/plugins/mcufinder
2025-10-15 12:53:06,002 [WARN] DbFile:41 - Overriding database path with different value: /Users/thxssio/.stmcufinder/plugins/mcufinder/ => /Users/thxssio/.stmcufinder/plugins/mcufinder
2025-10-15 12:53:07,003 [INFO] CrossReferenceDbSqlite:203 - Set database path to: /Users/thxssio/.stmcufinder/plugins/mcufinder//mcu/cs/
2025-10-15 12:53:07,042 [INFO] ApplicationProperties:184 - Using Application install path: /Applications/STM32CubeIDE.app/Contents/Eclipse/plugins/com.st.stm32cube.common.mx_6.15.0.202507011659
2025-10-15 12:53:07,044 [INFO] PluginManage:196 - Search for loadable plugins [exclusion list=, ]
2025-10-15 12:53:07,045 [INFO] PluginManage:310 - Check plugin analytics
2025-10-15 12:53:07,980 [ERROR] ConfigurationRetriever:142 - IOException on connection: PKIX path building failed: sun.security.provider.certpath.SunCertPathBuilderException: unable to find valid certification path to requested target
2025-10-15 12:53:08,143 [ERROR] ConfigurationRetriever:142 - IOException on connection: PKIX path building failed: sun.security.provider.certpath.SunCertPathBuilderException: unable to find valid certification path to requested target
2025-10-15 12:53:08,263 [INFO] AnalyticsPlugin:253 - Accepted Software Licenses: 
2025-10-15 12:53:08,263 [INFO] AnalyticsPlugin:255 - Accepted CMSIS Pack Licenses: 
2025-10-15 12:53:08,263 [INFO] AnalyticsPlugin:257 - Accepted Firmware Licenses: FW.G4.1.6.0,FW.F4.1.28.0
2025-10-15 12:53:08,266 [INFO] PluginManage:359 - Loaded plugin analytics (category:tool,tabindex:-1)
2025-10-15 12:53:08,268 [INFO] PluginManage:310 - Check plugin cadmodel
2025-10-15 12:53:08,280 [INFO] CADModel:105 - Init CAD model plugin
2025-10-15 12:53:08,280 [INFO] PluginManage:359 - Loaded plugin cadmodel (category:power,tabindex:5)
2025-10-15 12:53:08,281 [INFO] PluginManage:310 - Check plugin clock
2025-10-15 12:53:08,288 [INFO] PluginManage:359 - Loaded plugin clock (category:base,tabindex:2)
2025-10-15 12:53:08,289 [INFO] PluginManage:310 - Check plugin ddr
2025-10-15 12:53:08,290 [INFO] PluginManage:359 - Loaded plugin ddr (category:tool,tabindex:6)
2025-10-15 12:53:08,291 [INFO] PluginManage:310 - Check plugin filemanager
2025-10-15 12:53:08,349 [ERROR] ConfigurationRetriever:142 - IOException on connection: PKIX path building failed: sun.security.provider.certpath.SunCertPathBuilderException: unable to find valid certification path to requested target
2025-10-15 12:53:08,408 [INFO] PluginManage:359 - Loaded plugin filemanager (category:base,tabindex:10)
2025-10-15 12:53:08,408 [INFO] PluginManage:310 - Check plugin ipmanager
2025-10-15 12:53:08,414 [INFO] PluginManage:359 - Loaded plugin ipmanager (category:base,tabindex:5)
2025-10-15 12:53:08,414 [INFO] PluginManage:310 - Check plugin lpbam
2025-10-15 12:53:08,422 [INFO] PluginManage:359 - Loaded plugin lpbam (category:base,tabindex:0)
2025-10-15 12:53:08,422 [INFO] PluginManage:310 - Check plugin memorymap
2025-10-15 12:53:08,429 [INFO] PluginManage:359 - Loaded plugin memorymap (category:base,tabindex:4)
2025-10-15 12:53:08,429 [INFO] PluginManage:310 - Check plugin pinoutandconfiguration
2025-10-15 12:53:08,437 [INFO] PluginManage:359 - Loaded plugin pinoutandconfiguration (category:base,tabindex:1)
2025-10-15 12:53:08,437 [INFO] PluginManage:310 - Check plugin pinoutconfig
2025-10-15 12:53:08,477 [ERROR] ConfigurationRetriever:142 - IOException on connection: PKIX path building failed: sun.security.provider.certpath.SunCertPathBuilderException: unable to find valid certification path to requested target
2025-10-15 12:53:08,502 [WARN] SupportedApi:132 - Cannot load RTOS API schema: s4s-elt-must-match.1: The content of 'definitions' must match (annotation?, (simpleType | complexType)?, (unique | key | keyref)*)). A problem was found starting at: attribute.
2025-10-15 12:53:08,608 [INFO] PluginManage:359 - Loaded plugin pinoutconfig (category:base,tabindex:0)
2025-10-15 12:53:08,609 [INFO] PluginManage:310 - Check plugin power
2025-10-15 12:53:08,613 [ERROR] ConfigurationRetriever:142 - IOException on connection: PKIX path building failed: sun.security.provider.certpath.SunCertPathBuilderException: unable to find valid certification path to requested target
2025-10-15 12:53:08,615 [INFO] PluginManage:359 - Loaded plugin power (category:power,tabindex:4)
2025-10-15 12:53:08,616 [INFO] PluginManage:310 - Check plugin projectmanager
2025-10-15 12:53:08,637 [INFO] PluginManage:359 - Loaded plugin projectmanager (category:projectmanager,tabindex:4)
2025-10-15 12:53:08,637 [INFO] PluginManage:310 - Check plugin rif
2025-10-15 12:53:08,646 [INFO] PluginManage:359 - Loaded plugin rif (category:base,tabindex:3)
2025-10-15 12:53:08,646 [INFO] PluginManage:310 - Check plugin thirdparty
2025-10-15 12:53:08,769 [INFO] PluginManage:359 - Loaded plugin thirdparty (category:base,tabindex:-1)
2025-10-15 12:53:08,770 [INFO] PluginManage:310 - Check plugin tools
2025-10-15 12:53:08,769 [WARN] IntegrityCheckThread:84 - waiting for thirdparty lock release [integrity check]
2025-10-15 12:53:08,770 [INFO] IntegrityCheckThread:86 - entering critical section [integrity check]
2025-10-15 12:53:08,770 [INFO] ThirdPartyUpdaterWithRetryManager:70 - Updater plugin not ready yet. [1/15]
2025-10-15 12:53:08,772 [INFO] PluginManage:359 - Loaded plugin tools (category:base,tabindex:7)
2025-10-15 12:53:08,772 [INFO] PluginManage:310 - Check plugin tutovideos
2025-10-15 12:53:08,776 [ERROR] ConfigurationRetriever:142 - IOException on connection: PKIX path building failed: sun.security.provider.certpath.SunCertPathBuilderException: unable to find valid certification path to requested target
2025-10-15 12:53:08,937 [INFO] PluginManage:359 - Loaded plugin tutovideos (category:base,tabindex:-1)
2025-10-15 12:53:08,938 [INFO] PluginManage:310 - Check plugin updater
2025-10-15 12:53:08,963 [INFO] PluginManage:359 - Loaded plugin updater (category:base,tabindex:12)
2025-10-15 12:53:08,964 [INFO] PluginManage:310 - Check plugin userauth
2025-10-15 12:53:08,967 [INFO] UserAuth:118 - Init User Auth plugin
2025-10-15 12:53:08,969 [INFO] PluginManage:359 - Loaded plugin userauth (category:base,tabindex:14)
2025-10-15 12:53:08,970 [INFO] PluginManage:283 - PluginManage : Loaded plugins [18]
2025-10-15 12:53:09,147 [INFO] PinOutPanel:1589 - setPackage(No Configuration,No Configuration)
2025-10-15 12:53:09,202 [INFO] CADModel:165 - CPN selected for project level
2025-10-15 12:53:09,202 [INFO] CADModel:114 - Register for checkConnection events
2025-10-15 12:53:09,211 [INFO] IPUIPlugin:80 - create IPUIPlugin
2025-10-15 12:53:09,211 [INFO] PluginManager:220 - loadIPPluginJar : add mdma
2025-10-15 12:53:09,215 [INFO] IPUIPlugin:80 - create IPUIPlugin
2025-10-15 12:53:09,215 [INFO] PluginManager:220 - loadIPPluginJar : add freertos
2025-10-15 12:53:09,219 [INFO] IPUIPlugin:80 - create IPUIPlugin
2025-10-15 12:53:09,219 [INFO] PluginManager:220 - loadIPPluginJar : add gic
2025-10-15 12:53:09,224 [INFO] IPUIPlugin:80 - create IPUIPlugin
2025-10-15 12:53:09,224 [INFO] PluginManager:220 - loadIPPluginJar : add adc
2025-10-15 12:53:09,225 [INFO] IPUIPlugin:80 - create IPUIPlugin
2025-10-15 12:53:09,225 [INFO] PluginManager:220 - loadIPPluginJar : add gtzc
2025-10-15 12:53:09,226 [INFO] IPUIPlugin:80 - create IPUIPlugin
2025-10-15 12:53:09,226 [INFO] PluginManager:220 - loadIPPluginJar : add quadspi
2025-10-15 12:53:09,227 [INFO] IPUIPlugin:80 - create IPUIPlugin
2025-10-15 12:53:09,227 [INFO] PluginManager:220 - loadIPPluginJar : add aes
2025-10-15 12:53:09,228 [INFO] IPUIPlugin:80 - create IPUIPlugin
2025-10-15 12:53:09,228 [INFO] PluginManager:220 - loadIPPluginJar : add pdm2pcm
2025-10-15 12:53:09,229 [INFO] IPUIPlugin:80 - create IPUIPlugin
2025-10-15 12:53:09,229 [INFO] PluginManager:220 - loadIPPluginJar : add hash
2025-10-15 12:53:09,230 [INFO] IPUIPlugin:80 - create IPUIPlugin
2025-10-15 12:53:09,230 [INFO] PluginManager:220 - loadIPPluginJar : add tim
2025-10-15 12:53:09,231 [INFO] IPUIPlugin:80 - create IPUIPlugin
2025-10-15 12:53:09,231 [INFO] PluginManager:220 - loadIPPluginJar : add tsc
2025-10-15 12:53:09,233 [INFO] IPUIPlugin:80 - create IPUIPlugin
2025-10-15 12:53:09,233 [INFO] PluginManager:220 - loadIPPluginJar : add extmemmanager
2025-10-15 12:53:09,233 [INFO] IPUIPlugin:80 - create IPUIPlugin
2025-10-15 12:53:09,233 [INFO] PluginManager:220 - loadIPPluginJar : add ts
2025-10-15 12:53:09,234 [INFO] IPUIPlugin:80 - create IPUIPlugin
2025-10-15 12:53:09,234 [INFO] PluginManager:220 - loadIPPluginJar : add radio
2025-10-15 12:53:09,235 [INFO] IPUIPlugin:80 - create IPUIPlugin
2025-10-15 12:53:09,235 [INFO] PluginManager:220 - loadIPPluginJar : add can
2025-10-15 12:53:09,236 [INFO] IPUIPlugin:80 - create IPUIPlugin
2025-10-15 12:53:09,236 [INFO] PluginManager:220 - loadIPPluginJar : add dma3
2025-10-15 12:53:09,238 [INFO] IPUIPlugin:80 - create IPUIPlugin
2025-10-15 12:53:09,238 [INFO] PluginManager:220 - loadIPPluginJar : add dfsdm
2025-10-15 12:53:09,238 [INFO] IPUIPlugin:80 - create IPUIPlugin
2025-10-15 12:53:09,238 [INFO] PluginManager:220 - loadIPPluginJar : add spi
2025-10-15 12:53:09,239 [INFO] IPUIPlugin:80 - create IPUIPlugin
2025-10-15 12:53:09,239 [INFO] PluginManager:220 - loadIPPluginJar : add gfxmmu
2025-10-15 12:53:09,240 [INFO] IPUIPlugin:80 - create IPUIPlugin
2025-10-15 12:53:09,240 [INFO] PluginManager:220 - loadIPPluginJar : add genericplugin
2025-10-15 12:53:09,241 [INFO] IPUIPlugin:80 - create IPUIPlugin
2025-10-15 12:53:09,241 [INFO] PluginManager:220 - loadIPPluginJar : add cryp
2025-10-15 12:53:09,243 [INFO] IPUIPlugin:80 - create IPUIPlugin
2025-10-15 12:53:09,243 [INFO] PluginManager:220 - loadIPPluginJar : add gpio
2025-10-15 12:53:09,245 [INFO] IPUIPlugin:80 - create IPUIPlugin
2025-10-15 12:53:09,246 [INFO] PluginManager:220 - loadIPPluginJar : add ddr_ctrl_phy
2025-10-15 12:53:09,247 [INFO] IPUIPlugin:80 - create IPUIPlugin
2025-10-15 12:53:09,247 [INFO] PluginManager:220 - loadIPPluginJar : add comp
2025-10-15 12:53:09,248 [INFO] IPUIPlugin:80 - create IPUIPlugin
2025-10-15 12:53:09,248 [INFO] PluginManager:220 - loadIPPluginJar : add tracer_emb
2025-10-15 12:53:09,249 [INFO] IPUIPlugin:80 - create IPUIPlugin
2025-10-15 12:53:09,249 [INFO] PluginManager:220 - loadIPPluginJar : add openamp
2025-10-15 12:53:09,251 [INFO] IPUIPlugin:80 - create IPUIPlugin
2025-10-15 12:53:09,251 [INFO] PluginManager:220 - loadIPPluginJar : add stm32_wpan
2025-10-15 12:53:09,254 [INFO] IPUIPlugin:80 - create IPUIPlugin
2025-10-15 12:53:09,256 [INFO] PluginManager:220 - loadIPPluginJar : add plateformsettings
2025-10-15 12:53:09,257 [INFO] IPUIPlugin:80 - create IPUIPlugin
2025-10-15 12:53:09,257 [INFO] PluginManager:220 - loadIPPluginJar : add ipddr
2025-10-15 12:53:09,259 [INFO] IPUIPlugin:80 - create IPUIPlugin
2025-10-15 12:53:09,259 [INFO] PluginManager:220 - loadIPPluginJar : add usart
2025-10-15 12:53:09,259 [INFO] IPUIPlugin:80 - create IPUIPlugin
2025-10-15 12:53:09,259 [INFO] PluginManager:220 - loadIPPluginJar : add ltdc
2025-10-15 12:53:09,261 [INFO] IPUIPlugin:80 - create IPUIPlugin
2025-10-15 12:53:09,261 [INFO] PluginManager:220 - loadIPPluginJar : add nvic
2025-10-15 12:53:09,262 [INFO] IPUIPlugin:80 - create IPUIPlugin
2025-10-15 12:53:09,262 [INFO] PluginManager:220 - loadIPPluginJar : add fatfs
2025-10-15 12:53:09,266 [INFO] IPUIPlugin:80 - create IPUIPlugin
2025-10-15 12:53:09,266 [INFO] PluginManager:220 - loadIPPluginJar : add linkedlist
2025-10-15 12:53:09,269 [INFO] IPUIPlugin:80 - create IPUIPlugin
2025-10-15 12:53:09,269 [INFO] PluginManager:220 - loadIPPluginJar : add dma
2025-10-15 12:53:09,271 [INFO] IPUIPlugin:80 - create IPUIPlugin
2025-10-15 12:53:09,271 [INFO] PluginManager:220 - loadIPPluginJar : add fmc
2025-10-15 12:53:09,272 [INFO] IPUIPlugin:80 - create IPUIPlugin
2025-10-15 12:53:09,272 [INFO] PluginManager:220 - loadIPPluginJar : add i2s
2025-10-15 12:53:09,273 [INFO] IPUIPlugin:80 - create IPUIPlugin
2025-10-15 12:53:09,273 [INFO] PluginManager:220 - loadIPPluginJar : add ucpd
2025-10-15 12:53:09,274 [INFO] IPUIPlugin:80 - create IPUIPlugin
2025-10-15 12:53:09,274 [INFO] PluginManager:220 - loadIPPluginJar : add lorawan
2025-10-15 12:53:09,275 [INFO] IPUIPlugin:80 - create IPUIPlugin
2025-10-15 12:53:09,276 [INFO] PluginManager:220 - loadIPPluginJar : add opamp
2025-10-15 12:53:09,277 [INFO] IPUIPlugin:80 - create IPUIPlugin
2025-10-15 12:53:09,277 [INFO] PluginManager:220 - loadIPPluginJar : add i3c
2025-10-15 12:53:09,279 [INFO] IPUIPlugin:80 - create IPUIPlugin
2025-10-15 12:53:09,279 [INFO] PluginManager:220 - loadIPPluginJar : add touchsensing
2025-10-15 12:53:09,280 [INFO] IPUIPlugin:80 - create IPUIPlugin
2025-10-15 12:53:09,280 [INFO] PluginManager:220 - loadIPPluginJar : add i2c
2025-10-15 12:53:09,282 [INFO] IPUIPlugin:80 - create IPUIPlugin
2025-10-15 12:53:09,282 [INFO] PluginManager:220 - loadIPPluginJar : add resmgrutility
2025-10-15 12:53:09,283 [INFO] IPUIPlugin:80 - create IPUIPlugin
2025-10-15 12:53:09,283 [INFO] PluginManager:220 - loadIPPluginJar : add sai
2025-10-15 12:53:09,284 [INFO] IPUIPlugin:80 - create IPUIPlugin
2025-10-15 12:53:09,284 [INFO] PluginManager:220 - loadIPPluginJar : add usbx
2025-10-15 12:53:09,390 [FATAL] Updater:351 - Updater called before beeing initialized
2025-10-15 12:53:09,426 [INFO] RulesReader:64 - Compatibility file has been processed (317 Rules)
2025-10-15 12:53:09,436 [INFO] RulesReader:64 - Compatibility file has been processed (317 Rules)
2025-10-15 12:53:09,443 [INFO] CADModel:165 - CPN selected for project level
2025-10-15 12:53:09,443 [INFO] CADModel:114 - Register for checkConnection events
2025-10-15 12:53:09,443 [FATAL] Updater:351 - Updater called before beeing initialized
2025-10-15 12:53:09,443 [ERROR] CADModel:125 - Updater not yet initialized, retry later 
2025-10-15 12:53:09,634 [FATAL] Updater:351 - Updater called before beeing initialized
2025-10-15 12:53:09,636 [INFO] CADModel:165 - CPN selected for project level
2025-10-15 12:53:09,636 [INFO] CADModel:114 - Register for checkConnection events
2025-10-15 12:53:09,637 [FATAL] Updater:351 - Updater called before beeing initialized
2025-10-15 12:53:09,637 [ERROR] CADModel:125 - Updater not yet initialized, retry later 
2025-10-15 12:53:09,640 [FATAL] Updater:351 - Updater called before beeing initialized
2025-10-15 12:53:09,772 [FATAL] Updater:351 - Updater called before beeing initialized
2025-10-15 12:53:09,778 [INFO] DbMcusAds:53 - JSON generation date=Thu Oct 02 06:36:05 BRT 2025 (1759397765645)
2025-10-15 12:53:09,778 [FATAL] Updater:351 - Updater called before beeing initialized
2025-10-15 12:53:09,823 [WARN] DetailPanel:346 - Failed to get advertising image, set to default
2025-10-15 12:53:09,881 [FATAL] Updater:351 - Updater called before beeing initialized
2025-10-15 12:53:09,883 [FATAL] Updater:351 - Updater called before beeing initialized
2025-10-15 12:53:09,883 [FATAL] Updater:351 - Updater called before beeing initialized
2025-10-15 12:53:09,883 [WARN] DetailPanel:346 - Failed to get advertising image, set to default
2025-10-15 12:53:09,887 [FATAL] Updater:351 - Updater called before beeing initialized
2025-10-15 12:53:09,930 [ERROR] Updater:1198 - MainUpdater not yet initialized. External WinMGr cannot be set.
2025-10-15 12:53:09,932 [INFO] Updater:1134 - Updater Version found : 6.15.0
2025-10-15 12:53:09,943 [INFO] ApplicationProperties:184 - Using Application install path: /Applications/STM32CubeIDE.app/Contents/Eclipse/plugins/com.st.stm32cube.common.mx_6.15.0.202507011659
2025-10-15 12:53:10,291 [INFO] MainUpdater:2872 - connection check result : 22
2025-10-15 12:53:10,291 [INFO] MainUpdater:289 - Updater Check For Update Now.
2025-10-15 12:53:10,292 [INFO] MicroXplorer:498 - Change Database Version : DB.6.0.150
2025-10-15 12:53:10,302 [INFO] McuFinderGlobals:63 - Set McuFinder mode to 2 (CubeIDE integrated)
2025-10-15 12:53:10,305 [INFO] UserAuth:487 - Internet connection configuration mode: 2
2025-10-15 12:53:10,314 [INFO] UserAuth:487 - Internet connection configuration mode: 2
2025-10-15 12:53:10,604 [INFO] CheckServerUpdateThread:120 - End of CheckServer Thread
2025-10-15 12:53:11,938 [WARN] PackLoader:240 - Cannot read IP mode file for STMicroelectronics.FP-SNS-MOTENVWB1.1.4.0
2025-10-15 12:53:11,954 [WARN] PackLoader:240 - Cannot read IP mode file for STMicroelectronics.FP-ATR-ASTRA1.2.0.2
2025-10-15 12:53:11,966 [WARN] PackLoader:240 - Cannot read IP mode file for STMicroelectronics.X-CUBE-SMBUS.2.1.0
2025-10-15 12:53:11,972 [WARN] PackLoader:240 - Cannot read IP mode file for STMicroelectronics.X-CUBE-ST60.1.0.0
2025-10-15 12:53:12,012 [WARN] PackLoader:240 - Cannot read IP mode file for STMicroelectronics.X-CUBE-AZRTOS-F7.1.1.0
2025-10-15 12:53:12,031 [WARN] PackLoader:240 - Cannot read IP mode file for Cesanta.I-CUBE-Mongoose.7.19.0
2025-10-15 12:53:12,045 [WARN] PackLoader:240 - Cannot read IP mode file for WES.I-CUBE-Cesium.1.4.0
2025-10-15 12:53:12,087 [WARN] PackLoader:240 - Cannot read IP mode file for Infineon.AIROC-Wi-Fi-Bluetooth-STM32.1.7.1
2025-10-15 12:53:12,177 [WARN] PackLoader:240 - Cannot read IP mode file for STMicroelectronics.X-CUBE-AZRTOS-H7.3.4.0
2025-10-15 12:53:12,204 [WARN] PackLoader:240 - Cannot read IP mode file for STMicroelectronics.X-CUBE-DISPLAY.3.0.0
2025-10-15 12:53:12,235 [WARN] PackLoader:240 - Cannot read IP mode file for STMicroelectronics.X-CUBE-NFC10.1.0.0
2025-10-15 12:53:12,247 [WARN] PackLoader:240 - Cannot read IP mode file for emotas.I-CUBE-CANOPEN.1.3.0
2025-10-15 12:53:12,258 [WARN] PackLoader:240 - Cannot read IP mode file for STMicroelectronics.FP-SNS-STBOX1.2.1.0
2025-10-15 12:53:12,267 [WARN] PackLoader:240 - Cannot read IP mode file for STMicroelectronics.FP-SNS-SMARTAG2.1.2.0
2025-10-15 12:53:12,272 [WARN] PackLoader:240 - Cannot read IP mode file for STMicroelectronics.FP-SNS-FLIGHT1.5.1.0
2025-10-15 12:53:12,283 [INFO] LogOutputStream:77 - [STDOUT_REDIRECT] 1 : Invalid condition id : UX_CORESTACK_Condition cause : null
2025-10-15 12:53:12,284 [INFO] LogOutputStream:77 - [STDOUT_REDIRECT] 1 : Invalid condition id : UX_CORESTACK_Condition cause : null
2025-10-15 12:53:12,284 [INFO] LogOutputStream:77 - [STDOUT_REDIRECT] 1 : Invalid condition id : UX_CORESTACK_Condition cause : null
2025-10-15 12:53:12,284 [INFO] LogOutputStream:77 - [STDOUT_REDIRECT] 1 : Invalid condition id : UX_CORESTACK_Condition cause : null
2025-10-15 12:53:12,285 [INFO] LogOutputStream:77 - [STDOUT_REDIRECT] 1 : Invalid condition id : UX_CORESTACK_Condition cause : null
2025-10-15 12:53:12,291 [WARN] PackLoader:240 - Cannot read IP mode file for STMicroelectronics.X-CUBE-AZRTOS-WL.2.0.0
2025-10-15 12:53:12,295 [WARN] PackLoader:240 - Cannot read IP mode file for STMicroelectronics.FP-SNS-MOTENV1.5.0.0
2025-10-15 12:53:12,301 [WARN] PackLoader:240 - Cannot read IP mode file for STMicroelectronics.X-CUBE-BLE2.3.3.0
2025-10-15 12:53:12,309 [WARN] PackLoader:240 - Cannot read IP mode file for STMicroelectronics.X-CUBE-NFC9.1.0.0
2025-10-15 12:53:12,328 [WARN] PackLoader:240 - Cannot read IP mode file for wolfSSL.I-CUBE-wolfSSL.5.8.2
2025-10-15 12:53:12,345 [WARN] PackLoader:240 - Cannot read IP mode file for STMicroelectronics.X-CUBE-BLE1.7.1.0
2025-10-15 12:53:12,348 [WARN] PackLoader:240 - Cannot read IP mode file for wolfSSL.I-CUBE-wolfMQTT.1.19.2
2025-10-15 12:53:12,354 [WARN] PackLoader:240 - Cannot read IP mode file for STMicroelectronics.X-CUBE-EEPRMA1.5.2.0
2025-10-15 12:53:12,372 [WARN] PackLoader:240 - Cannot read IP mode file for STMicroelectronics.X-CUBE-AZRTOS-G0.1.1.0
2025-10-15 12:53:12,381 [WARN] PackLoader:240 - Cannot read IP mode file for STMicroelectronics.X-CUBE-SAFEA1.1.2.2
2025-10-15 12:53:12,387 [WARN] PackLoader:240 - Cannot read IP mode file for STMicroelectronics.X-CUBE-NFC4.3.0.0
2025-10-15 12:53:12,398 [WARN] PackLoader:240 - Cannot read IP mode file for EmbeddedOffice.I-CUBE-FS-RTOS.1.0.1
2025-10-15 12:53:12,403 [WARN] PackLoader:240 - Cannot read IP mode file for STMicroelectronics.X-CUBE-WB05N.2.0.0
2025-10-15 12:53:12,409 [WARN] PackLoader:240 - Cannot read IP mode file for wolfSSL.I-CUBE-wolfTPM.3.8.0
2025-10-15 12:53:12,413 [WARN] PackLoader:240 - Cannot read IP mode file for STMicroelectronics.X-CUBE-TCPP.4.2.0
2025-10-15 12:53:12,419 [WARN] PackLoader:240 - Cannot read IP mode file for RealThread.X-CUBE-RT-Thread_Nano.4.1.1
2025-10-15 12:53:12,420 [WARN] PackLoader:240 - Cannot read IP mode file for STMicroelectronics.FP-ATR-SIGFOX1.3.2.0
2025-10-15 12:53:12,424 [WARN] PackLoader:240 - Cannot read IP mode file for ITTIA_DB.I-CUBE-ITTIADB.8.9.0
2025-10-15 12:53:12,430 [WARN] PackLoader:240 - Cannot read IP mode file for STMicroelectronics.X-CUBE-ST67W61.1.0.0
2025-10-15 12:53:12,433 [WARN] PackLoader:240 - Cannot read IP mode file for STMicroelectronics.X-CUBE-AI.10.2.0
2025-10-15 12:53:12,478 [WARN] PackLoader:240 - Cannot read IP mode file for SEGGER.I-CUBE-embOS.1.3.1
2025-10-15 12:53:12,699 [WARN] PackLoader:240 - Cannot read IP mode file for STMicroelectronics.X-CUBE-ALGOBUILD.1.4.0
2025-10-15 12:53:12,816 [WARN] PackLoader:240 - Cannot read IP mode file for STMicroelectronics.X-CUBE-MEMS1.11.3.0
2025-10-15 12:53:12,908 [WARN] PackLoader:240 - Cannot read IP mode file for STMicroelectronics.X-CUBE-PM33A1.1.0.0
2025-10-15 12:53:12,926 [WARN] PackLoader:240 - Cannot read IP mode file for STMicroelectronics.X-CUBE-AZRTOS-F4.1.1.0
2025-10-15 12:53:12,940 [WARN] PackLoader:240 - Cannot read IP mode file for STMicroelectronics.X-CUBE-ISPU.2.1.0
2025-10-15 12:53:12,949 [WARN] PackLoader:240 - Cannot read IP mode file for STMicroelectronics.X-CUBE-NFC12.1.0.0
2025-10-15 12:53:12,967 [WARN] PackLoader:240 - Cannot read IP mode file for STMicroelectronics.X-CUBE-AZRTOS-L5.2.0.0
2025-10-15 12:53:12,985 [WARN] PackLoader:240 - Cannot read IP mode file for STMicroelectronics.X-CUBE-NFC6.3.1.0
2025-10-15 12:53:12,992 [WARN] PackLoader:240 - Cannot read IP mode file for STMicroelectronics.X-CUBE-FREERTOS.1.3.1
2025-10-15 12:53:13,009 [WARN] PackLoader:240 - Cannot read IP mode file for STMicroelectronics.X-CUBE-TOUCHGFX.4.26.0
2025-10-15 12:53:13,018 [WARN] PackLoader:240 - Cannot read IP mode file for STMicroelectronics.FP-SNS-STAIOTCFT.1.0.0
2025-10-15 12:53:13,028 [WARN] PackLoader:240 - Cannot read IP mode file for STMicroelectronics.X-CUBE-DPower.1.3.0
2025-10-15 12:53:13,046 [WARN] ConditionMgr:438 - getConditionDescription Invalid condition id : LAN8742 Phy interface Condition cause : null
2025-10-15 12:53:13,049 [WARN] PackLoader:240 - Cannot read IP mode file for STMicroelectronics.X-CUBE-AZRTOS-L4.2.0.0
2025-10-15 12:53:13,052 [WARN] ConditionMgr:1044 - genDependencies : Invalid condition id : LAN8742 Phy interface Condition cause : null
2025-10-15 12:53:13,053 [WARN] ConditionMgr:1044 - genDependencies : Invalid condition id : LAN8742 Phy interface Condition cause : null
2025-10-15 12:53:13,054 [WARN] ConditionMgr:1044 - genDependencies : Invalid condition id : LAN8742 Phy interface Condition cause : null
2025-10-15 12:53:13,061 [WARN] PackLoader:240 - Cannot read IP mode file for STMicroelectronics.X-CUBE-SFXS2LP1.4.0.0
2025-10-15 12:53:13,077 [WARN] PackLoader:240 - Cannot read IP mode file for STMicroelectronics.X-CUBE-BLEMGR.4.1.0
2025-10-15 12:53:13,093 [WARN] ConditionMgr:438 - getConditionDescription Invalid condition id : UX DEVICE CLASS RTOS Condition cause : null
2025-10-15 12:53:13,093 [WARN] ConditionMgr:438 - getConditionDescription Invalid condition id : UX DEVICE CLASS RTOS Condition cause : null
2025-10-15 12:53:13,096 [WARN] PackLoader:240 - Cannot read IP mode file for STMicroelectronics.X-CUBE-AZRTOS-WB.2.0.0
2025-10-15 12:53:13,097 [WARN] ConditionMgr:1044 - genDependencies : Invalid condition id : UX DEVICE CLASS RTOS Condition cause : null
2025-10-15 12:53:13,097 [WARN] ConditionMgr:1044 - genDependencies : Invalid condition id : UX DEVICE CLASS RTOS Condition cause : null
2025-10-15 12:53:13,097 [WARN] ConditionMgr:1044 - genDependencies : Invalid condition id : UX DEVICE CLASS RTOS Condition cause : null
2025-10-15 12:53:13,097 [WARN] ConditionMgr:1044 - genDependencies : Invalid condition id : UX DEVICE CLASS RTOS Condition cause : null
2025-10-15 12:53:13,098 [WARN] ConditionMgr:1044 - genDependencies : Invalid condition id : UX DEVICE CLASS RTOS Condition cause : null
2025-10-15 12:53:13,103 [WARN] PackLoader:240 - Cannot read IP mode file for STMicroelectronics.X-CUBE-GNSS1.7.0.1
2025-10-15 12:53:13,106 [WARN] ConditionMgr:438 - getConditionDescription Invalid condition id : Cortex-A Device cause : null
2025-10-15 12:53:13,150 [WARN] ConditionMgr:1044 - genDependencies : Invalid condition id : Cortex-A Device cause : null
2025-10-15 12:53:13,150 [WARN] ConditionMgr:1044 - genDependencies : Invalid condition id : Cortex-A Device cause : null
2025-10-15 12:53:13,150 [WARN] ConditionMgr:1044 - genDependencies : Invalid condition id : Cortex-A Device cause : null
2025-10-15 12:53:13,164 [WARN] PackLoader:240 - Cannot read IP mode file for STMicroelectronics.X-CUBE-SUBG2.5.0.0
2025-10-15 12:53:13,190 [WARN] PackLoader:240 - Cannot read IP mode file for STMicroelectronics.X-CUBE-AZRTOS-H7RS.1.1.0
2025-10-15 12:53:13,205 [WARN] PackLoader:240 - Cannot read IP mode file for STMicroelectronics.X-CUBE-AZRTOS-G4.2.0.0
2025-10-15 12:53:13,209 [WARN] PackLoader:240 - Cannot read IP mode file for wolfSSL.I-CUBE-wolfSSH.1.4.20
2025-10-15 12:53:13,212 [WARN] PackLoader:240 - Cannot read IP mode file for STMicroelectronics.X-CUBE-NFC7.2.0.0
2025-10-15 12:53:13,220 [WARN] PackLoader:240 - Cannot read IP mode file for STMicroelectronics.X-CUBE-IPS.3.1.0
2025-10-15 12:53:13,227 [WARN] PackLoader:240 - Cannot read IP mode file for STMicroelectronics.X-CUBE-ALS.1.0.2
2025-10-15 12:53:13,231 [WARN] PackLoader:240 - Cannot read IP mode file for STMicroelectronics.X-CUBE-STSE01.1.0.0
2025-10-15 12:53:13,243 [WARN] PackLoader:240 - Cannot read IP mode file for STMicroelectronics.X-CUBE-TOF1.3.4.3
2025-10-15 12:53:13,250 [INFO] ThirdParty:978 - Integrity check success = true
2025-10-15 12:53:13,250 [INFO] IntegrityCheckThread:100 - exiting critical section [integrity check]
2025-10-15 12:53:13,250 [INFO] IntegrityCheckThread:103 - End integrity checks thread
2025-10-15 16:55:04,587 [INFO] Activator:176 - 


2025-10-15 16:55:04,590 [INFO] Activator:177 - !SESSION log4j initialized
2025-10-15 16:55:09,281 [INFO] LogOutputStream:77 - [STDOUT_REDIRECT] 
2025-10-15 16:55:10,988 [ERROR] LogOutputStream:75 - [STDERR_REDIRECT] 
2025-10-15 16:55:14,471 [INFO] LogOutputStream:77 - [STDOUT_REDIRECT] 
2025-10-15 16:55:15,975 [INFO] ApplicationProperties:184 - Using Application install path: /Applications/STM32CubeIDE.app/Contents/Eclipse/plugins/com.st.stm32cube.common.mx_6.15.0.202507011659
2025-10-15 16:55:15,989 [INFO] DbMcusXml:78 - Set database path to: /Applications/STM32CubeIDE.app/Contents/Eclipse/plugins/com.st.stm32cube.common.mx_6.15.0.202507011659//db//mcu/
2025-10-15 16:55:15,989 [INFO] ApiDb:274 - Set plugin database path to: /Applications/STM32CubeIDE.app/Contents/Eclipse/plugins/com.st.stm32cube.common.mx_6.15.0.202507011659//db//plugins/boardmanager/
2025-10-15 16:55:15,990 [WARN] ApiDb:259 - Overriding images path with different value:  => /Applications/STM32CubeIDE.app/Contents/Eclipse/plugins/com.st.stm32cube.common.mx_6.15.0.202507011659//db//plugins/mcufinder/images/
2025-10-15 16:55:15,996 [INFO] ApiDb:250 - Set database path to: /Users/thxssio/.stmcufinder/plugins/mcufinder//mcu/
2025-10-15 16:55:15,996 [INFO] DbMcusAds:125 - Set database path to: /Users/thxssio/.stmcufinder/plugins/mcufinder//mcu/
2025-10-15 16:55:15,998 [INFO] CrossReferenceDbSqlite:203 - Set database path to: /Users/thxssio/.stmcufinder/plugins/mcufinder//mcu/cs/
2025-10-15 16:55:16,109 [INFO] RulesReader:64 - Compatibility file has been processed (317 Rules)
2025-10-15 16:55:16,175 [INFO] DbMcusXml:78 - Set database path to: /Applications/STM32CubeIDE.app/Contents/Eclipse/plugins/com.st.stm32cube.common.mx_6.15.0.202507011659//db//mcu/
2025-10-15 16:55:16,175 [INFO] ApiDb:274 - Set plugin database path to: /Applications/STM32CubeIDE.app/Contents/Eclipse/plugins/com.st.stm32cube.common.mx_6.15.0.202507011659//db//plugins/boardmanager/
2025-10-15 16:55:16,176 [INFO] ApiDb:261 - Set plugin images path to: /Applications/STM32CubeIDE.app/Contents/Eclipse/plugins/com.st.stm32cube.common.mx_6.15.0.202507011659//db//plugins/mcufinder/images/
2025-10-15 16:55:16,177 [WARN] DbFile:41 - Overriding database path with different value: /Users/thxssio/.stmcufinder/plugins/mcufinder/ => /Users/thxssio/.stmcufinder/plugins/mcufinder
2025-10-15 16:55:16,177 [INFO] ApiDb:250 - Set database path to: /Users/thxssio/.stmcufinder/plugins/mcufinder//mcu/
2025-10-15 16:55:16,178 [WARN] DbFile:41 - Overriding database path with different value: /Users/thxssio/.stmcufinder/plugins/mcufinder/ => /Users/thxssio/.stmcufinder/plugins/mcufinder
2025-10-15 16:55:16,178 [INFO] DbMcusAds:125 - Set database path to: /Users/thxssio/.stmcufinder/plugins/mcufinder//mcu/
2025-10-15 16:55:16,178 [WARN] DbFile:41 - Overriding database path with different value: /Users/thxssio/.stmcufinder/plugins/mcufinder/ => /Users/thxssio/.stmcufinder/plugins/mcufinder
2025-10-15 16:55:16,178 [WARN] DbFile:41 - Overriding database path with different value: /Users/thxssio/.stmcufinder/plugins/mcufinder/ => /Users/thxssio/.stmcufinder/plugins/mcufinder
2025-10-15 16:55:16,178 [INFO] CrossReferenceDbSqlite:203 - Set database path to: /Users/thxssio/.stmcufinder/plugins/mcufinder//mcu/cs/
2025-10-15 16:55:16,282 [INFO] MainPanel:274 - HeapMemory: 268435456
2025-10-15 16:55:16,788 [INFO] DbMcusXml:78 - Set database path to: /Applications/STM32CubeIDE.app/Contents/Eclipse/plugins/com.st.stm32cube.common.mx_6.15.0.202507011659//db//mcu/
2025-10-15 16:55:16,788 [INFO] ApiDb:274 - Set plugin database path to: /Applications/STM32CubeIDE.app/Contents/Eclipse/plugins/com.st.stm32cube.common.mx_6.15.0.202507011659//db//plugins/boardmanager/
2025-10-15 16:55:16,788 [INFO] ApiDb:261 - Set plugin images path to: /Applications/STM32CubeIDE.app/Contents/Eclipse/plugins/com.st.stm32cube.common.mx_6.15.0.202507011659//db//plugins/mcufinder/images/
2025-10-15 16:55:16,789 [WARN] DbFile:41 - Overriding database path with different value: /Users/thxssio/.stmcufinder/plugins/mcufinder/ => /Users/thxssio/.stmcufinder/plugins/mcufinder
2025-10-15 16:55:16,789 [INFO] ApiDb:250 - Set database path to: /Users/thxssio/.stmcufinder/plugins/mcufinder//mcu/
2025-10-15 16:55:16,790 [WARN] DbFile:41 - Overriding database path with different value: /Users/thxssio/.stmcufinder/plugins/mcufinder/ => /Users/thxssio/.stmcufinder/plugins/mcufinder
2025-10-15 16:55:16,790 [INFO] DbMcusAds:125 - Set database path to: /Users/thxssio/.stmcufinder/plugins/mcufinder//mcu/
2025-10-15 16:55:16,790 [WARN] DbFile:41 - Overriding database path with different value: /Users/thxssio/.stmcufinder/plugins/mcufinder/ => /Users/thxssio/.stmcufinder/plugins/mcufinder
2025-10-15 16:55:16,790 [WARN] DbFile:41 - Overriding database path with different value: /Users/thxssio/.stmcufinder/plugins/mcufinder/ => /Users/thxssio/.stmcufinder/plugins/mcufinder
2025-10-15 16:55:16,790 [INFO] CrossReferenceDbSqlite:203 - Set database path to: /Users/thxssio/.stmcufinder/plugins/mcufinder//mcu/cs/
2025-10-15 16:55:16,815 [INFO] ApplicationProperties:184 - Using Application install path: /Applications/STM32CubeIDE.app/Contents/Eclipse/plugins/com.st.stm32cube.common.mx_6.15.0.202507011659
2025-10-15 16:55:16,817 [INFO] PluginManage:196 - Search for loadable plugins [exclusion list=, ]
2025-10-15 16:55:16,819 [INFO] PluginManage:310 - Check plugin analytics
2025-10-15 16:55:17,178 [INFO] AnalyticsPlugin:253 - Accepted Software Licenses: 
2025-10-15 16:55:17,178 [INFO] AnalyticsPlugin:255 - Accepted CMSIS Pack Licenses: 
2025-10-15 16:55:17,179 [INFO] AnalyticsPlugin:257 - Accepted Firmware Licenses: FW.G4.1.6.0,FW.F4.1.28.0
2025-10-15 16:55:17,187 [INFO] PluginManage:359 - Loaded plugin analytics (category:tool,tabindex:-1)
2025-10-15 16:55:17,189 [INFO] PluginManage:310 - Check plugin cadmodel
2025-10-15 16:55:17,211 [INFO] CADModel:105 - Init CAD model plugin
2025-10-15 16:55:17,211 [INFO] PluginManage:359 - Loaded plugin cadmodel (category:power,tabindex:5)
2025-10-15 16:55:17,212 [INFO] PluginManage:310 - Check plugin clock
2025-10-15 16:55:17,226 [INFO] PluginManage:359 - Loaded plugin clock (category:base,tabindex:2)
2025-10-15 16:55:17,227 [INFO] PluginManage:310 - Check plugin ddr
2025-10-15 16:55:17,230 [INFO] PluginManage:359 - Loaded plugin ddr (category:tool,tabindex:6)
2025-10-15 16:55:17,230 [INFO] PluginManage:310 - Check plugin filemanager
2025-10-15 16:55:17,438 [INFO] PluginManage:359 - Loaded plugin filemanager (category:base,tabindex:10)
2025-10-15 16:55:17,439 [INFO] PluginManage:310 - Check plugin ipmanager
2025-10-15 16:55:17,452 [INFO] PluginManage:359 - Loaded plugin ipmanager (category:base,tabindex:5)
2025-10-15 16:55:17,453 [INFO] PluginManage:310 - Check plugin lpbam
2025-10-15 16:55:17,471 [INFO] PluginManage:359 - Loaded plugin lpbam (category:base,tabindex:0)
2025-10-15 16:55:17,471 [INFO] PluginManage:310 - Check plugin memorymap
2025-10-15 16:55:17,487 [INFO] PluginManage:359 - Loaded plugin memorymap (category:base,tabindex:4)
2025-10-15 16:55:17,487 [INFO] PluginManage:310 - Check plugin pinoutandconfiguration
2025-10-15 16:55:17,499 [INFO] PluginManage:359 - Loaded plugin pinoutandconfiguration (category:base,tabindex:1)
2025-10-15 16:55:17,500 [INFO] PluginManage:310 - Check plugin pinoutconfig
2025-10-15 16:55:17,627 [WARN] SupportedApi:132 - Cannot load RTOS API schema: s4s-elt-must-match.1: The content of 'definitions' must match (annotation?, (simpleType | complexType)?, (unique | key | keyref)*)). A problem was found starting at: attribute.
2025-10-15 16:55:18,050 [INFO] PluginManage:359 - Loaded plugin pinoutconfig (category:base,tabindex:0)
2025-10-15 16:55:18,051 [INFO] PluginManage:310 - Check plugin power
2025-10-15 16:55:18,084 [INFO] PluginManage:359 - Loaded plugin power (category:power,tabindex:4)
2025-10-15 16:55:18,084 [INFO] PluginManage:310 - Check plugin projectmanager
2025-10-15 16:55:18,124 [INFO] PluginManage:359 - Loaded plugin projectmanager (category:projectmanager,tabindex:4)
2025-10-15 16:55:18,124 [INFO] PluginManage:310 - Check plugin rif
2025-10-15 16:55:18,143 [INFO] PluginManage:359 - Loaded plugin rif (category:base,tabindex:3)
2025-10-15 16:55:18,146 [INFO] PluginManage:310 - Check plugin thirdparty
2025-10-15 16:55:18,452 [INFO] PluginManage:359 - Loaded plugin thirdparty (category:base,tabindex:-1)
2025-10-15 16:55:18,452 [INFO] PluginManage:310 - Check plugin tools
2025-10-15 16:55:18,451 [WARN] IntegrityCheckThread:84 - waiting for thirdparty lock release [integrity check]
2025-10-15 16:55:18,452 [INFO] IntegrityCheckThread:86 - entering critical section [integrity check]
2025-10-15 16:55:18,453 [INFO] ThirdPartyUpdaterWithRetryManager:70 - Updater plugin not ready yet. [1/15]
2025-10-15 16:55:18,454 [INFO] PluginManage:359 - Loaded plugin tools (category:base,tabindex:7)
2025-10-15 16:55:18,454 [INFO] PluginManage:310 - Check plugin tutovideos
2025-10-15 16:55:18,710 [INFO] PluginManage:359 - Loaded plugin tutovideos (category:base,tabindex:-1)
2025-10-15 16:55:18,710 [INFO] PluginManage:310 - Check plugin updater
2025-10-15 16:55:18,753 [INFO] PluginManage:359 - Loaded plugin updater (category:base,tabindex:12)
2025-10-15 16:55:18,754 [INFO] PluginManage:310 - Check plugin userauth
2025-10-15 16:55:18,759 [INFO] UserAuth:118 - Init User Auth plugin
2025-10-15 16:55:18,761 [INFO] PluginManage:359 - Loaded plugin userauth (category:base,tabindex:14)
2025-10-15 16:55:18,763 [INFO] PluginManage:283 - PluginManage : Loaded plugins [18]
2025-10-15 16:55:19,096 [INFO] PinOutPanel:1589 - setPackage(No Configuration,No Configuration)
2025-10-15 16:55:19,273 [INFO] CADModel:165 - CPN selected for project level
2025-10-15 16:55:19,273 [INFO] CADModel:114 - Register for checkConnection events
2025-10-15 16:55:19,296 [INFO] IPUIPlugin:80 - create IPUIPlugin
2025-10-15 16:55:19,297 [INFO] PluginManager:220 - loadIPPluginJar : add mdma
2025-10-15 16:55:19,309 [INFO] IPUIPlugin:80 - create IPUIPlugin
2025-10-15 16:55:19,309 [INFO] PluginManager:220 - loadIPPluginJar : add freertos
2025-10-15 16:55:19,318 [INFO] IPUIPlugin:80 - create IPUIPlugin
2025-10-15 16:55:19,318 [INFO] PluginManager:220 - loadIPPluginJar : add gic
2025-10-15 16:55:19,334 [INFO] IPUIPlugin:80 - create IPUIPlugin
2025-10-15 16:55:19,334 [INFO] PluginManager:220 - loadIPPluginJar : add adc
2025-10-15 16:55:19,338 [INFO] IPUIPlugin:80 - create IPUIPlugin
2025-10-15 16:55:19,338 [INFO] PluginManager:220 - loadIPPluginJar : add gtzc
2025-10-15 16:55:19,341 [INFO] IPUIPlugin:80 - create IPUIPlugin
2025-10-15 16:55:19,341 [INFO] PluginManager:220 - loadIPPluginJar : add quadspi
2025-10-15 16:55:19,344 [INFO] IPUIPlugin:80 - create IPUIPlugin
2025-10-15 16:55:19,345 [INFO] PluginManager:220 - loadIPPluginJar : add aes
2025-10-15 16:55:19,349 [INFO] IPUIPlugin:80 - create IPUIPlugin
2025-10-15 16:55:19,349 [INFO] PluginManager:220 - loadIPPluginJar : add pdm2pcm
2025-10-15 16:55:19,353 [INFO] IPUIPlugin:80 - create IPUIPlugin
2025-10-15 16:55:19,353 [INFO] PluginManager:220 - loadIPPluginJar : add hash
2025-10-15 16:55:19,356 [INFO] IPUIPlugin:80 - create IPUIPlugin
2025-10-15 16:55:19,356 [INFO] PluginManager:220 - loadIPPluginJar : add tim
2025-10-15 16:55:19,359 [INFO] IPUIPlugin:80 - create IPUIPlugin
2025-10-15 16:55:19,360 [INFO] PluginManager:220 - loadIPPluginJar : add tsc
2025-10-15 16:55:19,364 [INFO] IPUIPlugin:80 - create IPUIPlugin
2025-10-15 16:55:19,365 [INFO] PluginManager:220 - loadIPPluginJar : add extmemmanager
2025-10-15 16:55:19,369 [INFO] IPUIPlugin:80 - create IPUIPlugin
2025-10-15 16:55:19,370 [INFO] PluginManager:220 - loadIPPluginJar : add ts
2025-10-15 16:55:19,373 [INFO] IPUIPlugin:80 - create IPUIPlugin
2025-10-15 16:55:19,374 [INFO] PluginManager:220 - loadIPPluginJar : add radio
2025-10-15 16:55:19,378 [INFO] IPUIPlugin:80 - create IPUIPlugin
2025-10-15 16:55:19,378 [INFO] PluginManager:220 - loadIPPluginJar : add can
2025-10-15 16:55:19,381 [INFO] IPUIPlugin:80 - create IPUIPlugin
2025-10-15 16:55:19,382 [INFO] PluginManager:220 - loadIPPluginJar : add dma3
2025-10-15 16:55:19,384 [INFO] IPUIPlugin:80 - create IPUIPlugin
2025-10-15 16:55:19,385 [INFO] PluginManager:220 - loadIPPluginJar : add dfsdm
2025-10-15 16:55:19,388 [INFO] IPUIPlugin:80 - create IPUIPlugin
2025-10-15 16:55:19,388 [INFO] PluginManager:220 - loadIPPluginJar : add spi
2025-10-15 16:55:19,392 [INFO] IPUIPlugin:80 - create IPUIPlugin
2025-10-15 16:55:19,393 [INFO] PluginManager:220 - loadIPPluginJar : add gfxmmu
2025-10-15 16:55:19,396 [INFO] IPUIPlugin:80 - create IPUIPlugin
2025-10-15 16:55:19,397 [INFO] PluginManager:220 - loadIPPluginJar : add genericplugin
2025-10-15 16:55:19,401 [INFO] IPUIPlugin:80 - create IPUIPlugin
2025-10-15 16:55:19,401 [INFO] PluginManager:220 - loadIPPluginJar : add cryp
2025-10-15 16:55:19,409 [INFO] IPUIPlugin:80 - create IPUIPlugin
2025-10-15 16:55:19,410 [INFO] PluginManager:220 - loadIPPluginJar : add gpio
2025-10-15 16:55:19,415 [INFO] IPUIPlugin:80 - create IPUIPlugin
2025-10-15 16:55:19,415 [INFO] PluginManager:220 - loadIPPluginJar : add ddr_ctrl_phy
2025-10-15 16:55:19,418 [INFO] IPUIPlugin:80 - create IPUIPlugin
2025-10-15 16:55:19,419 [INFO] PluginManager:220 - loadIPPluginJar : add comp
2025-10-15 16:55:19,423 [INFO] IPUIPlugin:80 - create IPUIPlugin
2025-10-15 16:55:19,424 [INFO] PluginManager:220 - loadIPPluginJar : add tracer_emb
2025-10-15 16:55:19,428 [INFO] IPUIPlugin:80 - create IPUIPlugin
2025-10-15 16:55:19,428 [INFO] PluginManager:220 - loadIPPluginJar : add openamp
2025-10-15 16:55:19,437 [INFO] IPUIPlugin:80 - create IPUIPlugin
2025-10-15 16:55:19,437 [INFO] PluginManager:220 - loadIPPluginJar : add stm32_wpan
2025-10-15 16:55:19,447 [INFO] IPUIPlugin:80 - create IPUIPlugin
2025-10-15 16:55:19,452 [INFO] PluginManager:220 - loadIPPluginJar : add plateformsettings
2025-10-15 16:55:19,457 [INFO] IPUIPlugin:80 - create IPUIPlugin
2025-10-15 16:55:19,458 [INFO] PluginManager:220 - loadIPPluginJar : add ipddr
2025-10-15 16:55:19,462 [INFO] IPUIPlugin:80 - create IPUIPlugin
2025-10-15 16:55:19,463 [INFO] PluginManager:220 - loadIPPluginJar : add usart
2025-10-15 16:55:19,465 [INFO] IPUIPlugin:80 - create IPUIPlugin
2025-10-15 16:55:19,465 [INFO] PluginManager:220 - loadIPPluginJar : add ltdc
2025-10-15 16:55:19,471 [INFO] IPUIPlugin:80 - create IPUIPlugin
2025-10-15 16:55:19,471 [INFO] PluginManager:220 - loadIPPluginJar : add nvic
2025-10-15 16:55:19,473 [INFO] IPUIPlugin:80 - create IPUIPlugin
2025-10-15 16:55:19,474 [INFO] PluginManager:220 - loadIPPluginJar : add fatfs
2025-10-15 16:55:19,484 [INFO] IPUIPlugin:80 - create IPUIPlugin
2025-10-15 16:55:19,484 [INFO] PluginManager:220 - loadIPPluginJar : add linkedlist
2025-10-15 16:55:19,494 [INFO] IPUIPlugin:80 - create IPUIPlugin
2025-10-15 16:55:19,495 [INFO] PluginManager:220 - loadIPPluginJar : add dma
2025-10-15 16:55:19,503 [INFO] IPUIPlugin:80 - create IPUIPlugin
2025-10-15 16:55:19,503 [INFO] PluginManager:220 - loadIPPluginJar : add fmc
2025-10-15 16:55:19,506 [INFO] IPUIPlugin:80 - create IPUIPlugin
2025-10-15 16:55:19,507 [INFO] PluginManager:220 - loadIPPluginJar : add i2s
2025-10-15 16:55:19,510 [INFO] IPUIPlugin:80 - create IPUIPlugin
2025-10-15 16:55:19,511 [INFO] PluginManager:220 - loadIPPluginJar : add ucpd
2025-10-15 16:55:19,516 [INFO] IPUIPlugin:80 - create IPUIPlugin
2025-10-15 16:55:19,516 [INFO] PluginManager:220 - loadIPPluginJar : add lorawan
2025-10-15 16:55:19,520 [INFO] IPUIPlugin:80 - create IPUIPlugin
2025-10-15 16:55:19,520 [INFO] PluginManager:220 - loadIPPluginJar : add opamp
2025-10-15 16:55:19,524 [INFO] IPUIPlugin:80 - create IPUIPlugin
2025-10-15 16:55:19,524 [INFO] PluginManager:220 - loadIPPluginJar : add i3c
2025-10-15 16:55:19,530 [INFO] IPUIPlugin:80 - create IPUIPlugin
2025-10-15 16:55:19,530 [INFO] PluginManager:220 - loadIPPluginJar : add touchsensing
2025-10-15 16:55:19,535 [INFO] IPUIPlugin:80 - create IPUIPlugin
2025-10-15 16:55:19,536 [INFO] PluginManager:220 - loadIPPluginJar : add i2c
2025-10-15 16:55:19,541 [INFO] IPUIPlugin:80 - create IPUIPlugin
2025-10-15 16:55:19,542 [INFO] PluginManager:220 - loadIPPluginJar : add resmgrutility
2025-10-15 16:55:19,545 [INFO] IPUIPlugin:80 - create IPUIPlugin
2025-10-15 16:55:19,545 [INFO] PluginManager:220 - loadIPPluginJar : add sai
2025-10-15 16:55:19,548 [INFO] IPUIPlugin:80 - create IPUIPlugin
2025-10-15 16:55:19,548 [INFO] PluginManager:220 - loadIPPluginJar : add usbx
2025-10-15 16:55:19,711 [FATAL] Updater:351 - Updater called before beeing initialized
2025-10-15 16:55:19,806 [INFO] RulesReader:64 - Compatibility file has been processed (317 Rules)
2025-10-15 16:55:19,828 [INFO] RulesReader:64 - Compatibility file has been processed (317 Rules)
2025-10-15 16:55:19,848 [INFO] CADModel:165 - CPN selected for project level
2025-10-15 16:55:19,849 [INFO] CADModel:114 - Register for checkConnection events
2025-10-15 16:55:19,849 [FATAL] Updater:351 - Updater called before beeing initialized
2025-10-15 16:55:19,849 [ERROR] CADModel:125 - Updater not yet initialized, retry later 
2025-10-15 16:55:20,432 [FATAL] Updater:351 - Updater called before beeing initialized
2025-10-15 16:55:20,444 [INFO] CADModel:165 - CPN selected for project level
2025-10-15 16:55:20,446 [INFO] CADModel:114 - Register for checkConnection events
2025-10-15 16:55:20,446 [FATAL] Updater:351 - Updater called before beeing initialized
2025-10-15 16:55:20,446 [ERROR] CADModel:125 - Updater not yet initialized, retry later 
2025-10-15 16:55:20,453 [FATAL] Updater:351 - Updater called before beeing initialized
2025-10-15 16:55:20,748 [FATAL] Updater:351 - Updater called before beeing initialized
2025-10-15 16:55:20,762 [INFO] DbMcusAds:53 - JSON generation date=Thu Oct 02 06:36:05 BRT 2025 (1759397765645)
2025-10-15 16:55:20,764 [FATAL] Updater:351 - Updater called before beeing initialized
2025-10-15 16:55:20,892 [WARN] DetailPanel:346 - Failed to get advertising image, set to default
2025-10-15 16:55:20,983 [FATAL] Updater:351 - Updater called before beeing initialized
2025-10-15 16:55:20,987 [FATAL] Updater:351 - Updater called before beeing initialized
2025-10-15 16:55:20,987 [FATAL] Updater:351 - Updater called before beeing initialized
2025-10-15 16:55:20,987 [WARN] DetailPanel:346 - Failed to get advertising image, set to default
2025-10-15 16:55:20,990 [FATAL] Updater:351 - Updater called before beeing initialized
2025-10-15 16:55:21,079 [ERROR] Updater:1198 - MainUpdater not yet initialized. External WinMGr cannot be set.
2025-10-15 16:55:21,091 [INFO] Updater:1134 - Updater Version found : 6.15.0
2025-10-15 16:55:21,106 [INFO] ApplicationProperties:184 - Using Application install path: /Applications/STM32CubeIDE.app/Contents/Eclipse/plugins/com.st.stm32cube.common.mx_6.15.0.202507011659
2025-10-15 16:55:21,457 [INFO] ThirdPartyUpdaterWithRetryManager:70 - Updater plugin not ready yet. [2/15]
2025-10-15 16:55:21,660 [INFO] MainUpdater:2872 - connection check result : 10
2025-10-15 16:55:21,661 [INFO] MainUpdater:3604 - Updater definition file requires update
2025-10-15 16:55:21,662 [INFO] MainUpdater:289 - Updater Check For Update Now.
2025-10-15 16:55:21,663 [INFO] MicroXplorer:498 - Change Database Version : DB.6.0.150
2025-10-15 16:55:21,679 [INFO] McuFinderGlobals:63 - Set McuFinder mode to 2 (CubeIDE integrated)
2025-10-15 16:55:21,681 [INFO] UserAuth:487 - Internet connection configuration mode: 1
2025-10-15 16:55:21,704 [INFO] JxBrowserEngine:152 - Initiate JxBrowser Engine with user profile folder
2025-10-15 16:55:21,726 [INFO] ServerAccessManage:452 - Complete download http(s) 200
2025-10-15 16:55:21,729 [INFO] ServerAccessManage:509 - Download File updaters.zip
2025-10-15 16:55:21,879 [INFO] FileExtend:248 - Unzip File : updaters.zip
2025-10-15 16:55:21,879 [INFO] FileExtend:263 - Standard Zip Deflate
2025-10-15 16:55:22,438 [INFO] ServerAccessManage:452 - Complete download http(s) 200
2025-10-15 16:55:22,452 [INFO] ServerAccessManage:509 - Download File PacksControlFlags.xml
2025-10-15 16:55:22,758 [INFO] ServerAccessManage:452 - Complete download http(s) 200
2025-10-15 16:55:22,760 [INFO] ServerAccessManage:509 - Download File cubemx.pidx
2025-10-15 16:55:24,465 [WARN] MainUpdater:1193 - Updater busy. Cannot search thirdparties
2025-10-15 16:55:24,469 [INFO] ThirdPartyUpdaterWithRetryManager:96 - Updater plugin is busy. [1/15]
2025-10-15 16:55:25,056 [INFO] ServerAccessManage:452 - Complete download http(s) 200
2025-10-15 16:55:25,057 [INFO] ServerAccessManage:509 - Download File STMicroelectronics.X-CUBE-IPS.pdsc
2025-10-15 16:55:26,061 [INFO] ServerAccessManage:452 - Complete download http(s) 200
2025-10-15 16:55:26,062 [INFO] ServerAccessManage:509 - Download File STMicroelectronics.X-CUBE-ST60.pdsc
2025-10-15 16:55:26,281 [INFO] ServerAccessManage:452 - Complete download http(s) 200
2025-10-15 16:55:26,282 [INFO] ServerAccessManage:509 - Download File STMicroelectronics.X-CUBE-ST67W61.pdsc
2025-10-15 16:55:27,375 [WARN] PackLoader:240 - Cannot read IP mode file for STMicroelectronics.X-CUBE-IPS.3.2.0
2025-10-15 16:55:27,477 [WARN] MainUpdater:1193 - Updater busy. Cannot search thirdparties
2025-10-15 16:55:27,477 [INFO] ThirdPartyUpdaterWithRetryManager:96 - Updater plugin is busy. [2/15]
2025-10-15 16:55:27,484 [WARN] PackLoader:240 - Cannot read IP mode file for STMicroelectronics.X-CUBE-ST60.1.1.0
2025-10-15 16:55:27,524 [INFO] CheckServerUpdateThread:120 - End of CheckServer Thread
2025-10-15 16:55:27,564 [WARN] PackLoader:240 - Cannot read IP mode file for STMicroelectronics.X-CUBE-ST67W61.1.1.0
2025-10-15 16:55:27,572 [INFO] PopulateThirdPartyThread:66 - Ending populate Thread
2025-10-15 16:55:27,575 [INFO] ThirdParty:1030 - CMSIS Pack Vendor :STMicroelectronics X-CUBE-ST67W61 1.1.0
2025-10-15 16:55:27,576 [INFO] ThirdParty:1030 - CMSIS Pack Vendor :STMicroelectronics X-CUBE-IPS 3.2.0
2025-10-15 16:55:27,576 [INFO] ThirdParty:1030 - CMSIS Pack Vendor :STMicroelectronics X-CUBE-ST60 1.1.0
2025-10-15 16:55:27,576 [INFO] LoadServerUpdatesThread:375 - End of LoadServerUpdate Thread
2025-10-15 16:55:28,391 [INFO] WebApp:169 - Instantiating new browser for Auth
2025-10-15 16:55:30,217 [INFO] WebApp:463 - Apply proxy settings
2025-10-15 16:55:30,241 [INFO] WebApp:508 - Chromium authenticates against Manually configured proxy
2025-10-15 16:55:30,283 [INFO] WebApp:516 - Username used for proxy authentication: 
2025-10-15 16:55:30,345 [INFO] WebApp:900 - Register for checkConnection events
2025-10-15 16:55:30,346 [INFO] WebApp:463 - Apply proxy settings
2025-10-15 16:55:30,354 [INFO] WebApp:508 - Chromium authenticates against Manually configured proxy
2025-10-15 16:55:30,355 [INFO] WebApp:516 - Username used for proxy authentication: 
2025-10-15 16:55:30,784 [INFO] WebApp:225 - Starting web application
2025-10-15 16:55:30,784 [INFO] WebApp:593 - Web application path used /Applications/STM32CubeIDE.app/Contents/Eclipse/plugins/com.st.stm32cube.common.mx_6.15.0.202507011659/db/plugins/mcufinder/reactClient1/index.html
2025-10-15 16:55:30,787 [WARN] PackLoader:240 - Cannot read IP mode file for STMicroelectronics.FP-SNS-MOTENVWB1.1.4.0
2025-10-15 16:55:30,838 [WARN] PackLoader:240 - Cannot read IP mode file for STMicroelectronics.FP-ATR-ASTRA1.2.0.2
2025-10-15 16:55:30,865 [WARN] PackLoader:240 - Cannot read IP mode file for STMicroelectronics.X-CUBE-SMBUS.2.1.0
2025-10-15 16:55:30,878 [WARN] PackLoader:240 - Cannot read IP mode file for STMicroelectronics.X-CUBE-ST60.1.0.0
2025-10-15 16:55:31,025 [WARN] PackLoader:240 - Cannot read IP mode file for STMicroelectronics.X-CUBE-AZRTOS-F7.1.1.0
2025-10-15 16:55:31,115 [WARN] PackLoader:240 - Cannot read IP mode file for Cesanta.I-CUBE-Mongoose.7.19.0
2025-10-15 16:55:31,177 [WARN] PackLoader:240 - Cannot read IP mode file for WES.I-CUBE-Cesium.1.4.0
2025-10-15 16:55:31,311 [INFO] WebApp:191 - Connection restablished
2025-10-15 16:55:31,488 [WARN] PackLoader:240 - Cannot read IP mode file for Infineon.AIROC-Wi-Fi-Bluetooth-STM32.1.7.1
2025-10-15 16:55:31,788 [WARN] PackLoader:240 - Cannot read IP mode file for STMicroelectronics.X-CUBE-AZRTOS-H7.3.4.0
2025-10-15 16:55:31,867 [INFO] UserAuth:487 - Internet connection configuration mode: 1
2025-10-15 16:55:31,958 [WARN] PackLoader:240 - Cannot read IP mode file for STMicroelectronics.X-CUBE-DISPLAY.3.0.0
2025-10-15 16:55:32,020 [WARN] PackLoader:240 - Cannot read IP mode file for STMicroelectronics.X-CUBE-NFC10.1.0.0
2025-10-15 16:55:32,168 [WARN] PackLoader:240 - Cannot read IP mode file for STMicroelectronics.X-CUBE-ST60.1.1.0
2025-10-15 16:55:32,244 [WARN] PackLoader:240 - Cannot read IP mode file for emotas.I-CUBE-CANOPEN.1.3.0
2025-10-15 16:55:32,322 [WARN] PackLoader:240 - Cannot read IP mode file for STMicroelectronics.FP-SNS-STBOX1.2.1.0
2025-10-15 16:55:32,366 [WARN] PackLoader:240 - Cannot read IP mode file for STMicroelectronics.FP-SNS-SMARTAG2.1.2.0
2025-10-15 16:55:32,389 [WARN] PackLoader:240 - Cannot read IP mode file for STMicroelectronics.FP-SNS-FLIGHT1.5.1.0
2025-10-15 16:55:32,415 [INFO] LogOutputStream:77 - [STDOUT_REDIRECT] 1 : Invalid condition id : UX_CORESTACK_Condition cause : null
2025-10-15 16:55:32,418 [INFO] LogOutputStream:77 - [STDOUT_REDIRECT] 1 : Invalid condition id : UX_CORESTACK_Condition cause : null
2025-10-15 16:55:32,419 [INFO] LogOutputStream:77 - [STDOUT_REDIRECT] 1 : Invalid condition id : UX_CORESTACK_Condition cause : null
2025-10-15 16:55:32,419 [INFO] LogOutputStream:77 - [STDOUT_REDIRECT] 1 : Invalid condition id : UX_CORESTACK_Condition cause : null
2025-10-15 16:55:32,420 [INFO] LogOutputStream:77 - [STDOUT_REDIRECT] 1 : Invalid condition id : UX_CORESTACK_Condition cause : null
2025-10-15 16:55:32,434 [WARN] PackLoader:240 - Cannot read IP mode file for STMicroelectronics.X-CUBE-AZRTOS-WL.2.0.0
2025-10-15 16:55:32,459 [WARN] PackLoader:240 - Cannot read IP mode file for STMicroelectronics.FP-SNS-MOTENV1.5.0.0
2025-10-15 16:55:32,487 [WARN] PackLoader:240 - Cannot read IP mode file for STMicroelectronics.X-CUBE-BLE2.3.3.0
2025-10-15 16:55:32,530 [WARN] PackLoader:240 - Cannot read IP mode file for STMicroelectronics.X-CUBE-NFC9.1.0.0
2025-10-15 16:55:32,571 [WARN] PackLoader:240 - Cannot read IP mode file for wolfSSL.I-CUBE-wolfSSL.5.8.2
2025-10-15 16:55:32,590 [WARN] PackLoader:240 - Cannot read IP mode file for STMicroelectronics.X-CUBE-BLE1.7.1.0
2025-10-15 16:55:32,609 [WARN] PackLoader:240 - Cannot read IP mode file for wolfSSL.I-CUBE-wolfMQTT.1.19.2
2025-10-15 16:55:32,631 [WARN] PackLoader:240 - Cannot read IP mode file for STMicroelectronics.X-CUBE-EEPRMA1.5.2.0
2025-10-15 16:55:32,667 [WARN] PackLoader:240 - Cannot read IP mode file for STMicroelectronics.X-CUBE-ST67W61.1.1.0
2025-10-15 16:55:32,698 [WARN] PackLoader:240 - Cannot read IP mode file for STMicroelectronics.X-CUBE-AZRTOS-G0.1.1.0
2025-10-15 16:55:32,763 [WARN] PackLoader:240 - Cannot read IP mode file for STMicroelectronics.X-CUBE-SAFEA1.1.2.2
2025-10-15 16:55:32,828 [WARN] PackLoader:240 - Cannot read IP mode file for STMicroelectronics.X-CUBE-NFC4.3.0.0
2025-10-15 16:55:32,857 [WARN] PackLoader:240 - Cannot read IP mode file for EmbeddedOffice.I-CUBE-FS-RTOS.1.0.1
2025-10-15 16:55:32,887 [WARN] PackLoader:240 - Cannot read IP mode file for STMicroelectronics.X-CUBE-WB05N.2.0.0
2025-10-15 16:55:32,907 [WARN] PackLoader:240 - Cannot read IP mode file for wolfSSL.I-CUBE-wolfTPM.3.8.0
2025-10-15 16:55:32,923 [WARN] PackLoader:240 - Cannot read IP mode file for STMicroelectronics.X-CUBE-TCPP.4.2.0
2025-10-15 16:55:32,943 [WARN] PackLoader:240 - Cannot read IP mode file for RealThread.X-CUBE-RT-Thread_Nano.4.1.1
2025-10-15 16:55:32,960 [WARN] PackLoader:240 - Cannot read IP mode file for STMicroelectronics.FP-ATR-SIGFOX1.3.2.0
2025-10-15 16:55:32,981 [WARN] PackLoader:240 - Cannot read IP mode file for ITTIA_DB.I-CUBE-ITTIADB.8.9.0
2025-10-15 16:55:33,002 [WARN] PackLoader:240 - Cannot read IP mode file for STMicroelectronics.X-CUBE-ST67W61.1.0.0
2025-10-15 16:55:33,030 [WARN] PackLoader:240 - Cannot read IP mode file for STMicroelectronics.X-CUBE-AI.10.2.0
2025-10-15 16:55:33,185 [WARN] PackLoader:240 - Cannot read IP mode file for SEGGER.I-CUBE-embOS.1.3.1
2025-10-15 16:55:33,274 [WARN] PackLoader:240 - Cannot read IP mode file for STMicroelectronics.X-CUBE-ALGOBUILD.1.4.0
2025-10-15 16:55:33,443 [WARN] PackLoader:240 - Cannot read IP mode file for STMicroelectronics.X-CUBE-MEMS1.11.3.0
2025-10-15 16:55:33,820 [WARN] PackLoader:240 - Cannot read IP mode file for STMicroelectronics.X-CUBE-PM33A1.1.0.0
2025-10-15 16:55:33,866 [WARN] PackLoader:240 - Cannot read IP mode file for STMicroelectronics.X-CUBE-AZRTOS-F4.1.1.0
2025-10-15 16:55:33,886 [WARN] PackLoader:240 - Cannot read IP mode file for STMicroelectronics.X-CUBE-ISPU.2.1.0
2025-10-15 16:55:33,990 [WARN] PackLoader:240 - Cannot read IP mode file for STMicroelectronics.X-CUBE-IPS.3.2.0
2025-10-15 16:55:34,030 [WARN] PackLoader:240 - Cannot read IP mode file for STMicroelectronics.X-CUBE-NFC12.1.0.0
2025-10-15 16:55:34,087 [WARN] PackLoader:240 - Cannot read IP mode file for STMicroelectronics.X-CUBE-AZRTOS-L5.2.0.0
2025-10-15 16:55:34,119 [WARN] PackLoader:240 - Cannot read IP mode file for STMicroelectronics.X-CUBE-NFC6.3.1.0
2025-10-15 16:55:34,137 [WARN] PackLoader:240 - Cannot read IP mode file for STMicroelectronics.X-CUBE-FREERTOS.1.3.1
2025-10-15 16:55:34,149 [WARN] PackLoader:240 - Cannot read IP mode file for STMicroelectronics.X-CUBE-TOUCHGFX.4.26.0
2025-10-15 16:55:34,162 [WARN] PackLoader:240 - Cannot read IP mode file for STMicroelectronics.FP-SNS-STAIOTCFT.1.0.0
2025-10-15 16:55:34,182 [WARN] PackLoader:240 - Cannot read IP mode file for STMicroelectronics.X-CUBE-DPower.1.3.0
2025-10-15 16:55:34,239 [WARN] ConditionMgr:438 - getConditionDescription Invalid condition id : LAN8742 Phy interface Condition cause : null
2025-10-15 16:55:34,242 [WARN] PackLoader:240 - Cannot read IP mode file for STMicroelectronics.X-CUBE-AZRTOS-L4.2.0.0
2025-10-15 16:55:34,247 [WARN] ConditionMgr:1044 - genDependencies : Invalid condition id : LAN8742 Phy interface Condition cause : null
2025-10-15 16:55:34,248 [WARN] ConditionMgr:1044 - genDependencies : Invalid condition id : LAN8742 Phy interface Condition cause : null
2025-10-15 16:55:34,250 [WARN] ConditionMgr:1044 - genDependencies : Invalid condition id : LAN8742 Phy interface Condition cause : null
2025-10-15 16:55:34,280 [WARN] PackLoader:240 - Cannot read IP mode file for STMicroelectronics.X-CUBE-SFXS2LP1.4.0.0
2025-10-15 16:55:34,351 [WARN] PackLoader:240 - Cannot read IP mode file for STMicroelectronics.X-CUBE-BLEMGR.4.1.0
2025-10-15 16:55:34,392 [WARN] ConditionMgr:438 - getConditionDescription Invalid condition id : UX DEVICE CLASS RTOS Condition cause : null
2025-10-15 16:55:34,393 [WARN] ConditionMgr:438 - getConditionDescription Invalid condition id : UX DEVICE CLASS RTOS Condition cause : null
2025-10-15 16:55:34,400 [WARN] PackLoader:240 - Cannot read IP mode file for STMicroelectronics.X-CUBE-AZRTOS-WB.2.0.0
2025-10-15 16:55:34,404 [WARN] ConditionMgr:1044 - genDependencies : Invalid condition id : UX DEVICE CLASS RTOS Condition cause : null
2025-10-15 16:55:34,406 [WARN] ConditionMgr:1044 - genDependencies : Invalid condition id : UX DEVICE CLASS RTOS Condition cause : null
2025-10-15 16:55:34,408 [WARN] ConditionMgr:1044 - genDependencies : Invalid condition id : UX DEVICE CLASS RTOS Condition cause : null
2025-10-15 16:55:34,410 [WARN] ConditionMgr:1044 - genDependencies : Invalid condition id : UX DEVICE CLASS RTOS Condition cause : null
2025-10-15 16:55:34,410 [WARN] ConditionMgr:1044 - genDependencies : Invalid condition id : UX DEVICE CLASS RTOS Condition cause : null
2025-10-15 16:55:34,422 [WARN] PackLoader:240 - Cannot read IP mode file for STMicroelectronics.X-CUBE-GNSS1.7.0.1
2025-10-15 16:55:34,430 [WARN] ConditionMgr:438 - getConditionDescription Invalid condition id : Cortex-A Device cause : null
2025-10-15 16:55:34,504 [WARN] ConditionMgr:1044 - genDependencies : Invalid condition id : Cortex-A Device cause : null
2025-10-15 16:55:34,505 [WARN] ConditionMgr:1044 - genDependencies : Invalid condition id : Cortex-A Device cause : null
2025-10-15 16:55:34,505 [WARN] ConditionMgr:1044 - genDependencies : Invalid condition id : Cortex-A Device cause : null
2025-10-15 16:55:34,541 [WARN] PackLoader:240 - Cannot read IP mode file for STMicroelectronics.X-CUBE-SUBG2.5.0.0
2025-10-15 16:55:34,585 [WARN] PackLoader:240 - Cannot read IP mode file for STMicroelectronics.X-CUBE-AZRTOS-H7RS.1.1.0
2025-10-15 16:55:34,614 [WARN] PackLoader:240 - Cannot read IP mode file for STMicroelectronics.X-CUBE-AZRTOS-G4.2.0.0
2025-10-15 16:55:34,620 [WARN] PackLoader:240 - Cannot read IP mode file for wolfSSL.I-CUBE-wolfSSH.1.4.20
2025-10-15 16:55:34,626 [WARN] PackLoader:240 - Cannot read IP mode file for STMicroelectronics.X-CUBE-NFC7.2.0.0
2025-10-15 16:55:34,645 [WARN] PackLoader:240 - Cannot read IP mode file for STMicroelectronics.X-CUBE-IPS.3.1.0
2025-10-15 16:55:34,662 [WARN] PackLoader:240 - Cannot read IP mode file for STMicroelectronics.X-CUBE-ALS.1.0.2
2025-10-15 16:55:34,672 [WARN] PackLoader:240 - Cannot read IP mode file for STMicroelectronics.X-CUBE-STSE01.1.0.0
2025-10-15 16:55:34,698 [WARN] PackLoader:240 - Cannot read IP mode file for STMicroelectronics.X-CUBE-TOF1.3.4.3
2025-10-15 16:55:34,716 [INFO] ThirdParty:978 - Integrity check success = true
2025-10-15 16:55:34,717 [INFO] IntegrityCheckThread:100 - exiting critical section [integrity check]
2025-10-15 16:55:34,717 [INFO] IntegrityCheckThread:103 - End integrity checks thread
2025-10-15 18:20:07,050 [INFO] WebApp:194 - Connection lost
2025-10-15 18:20:10,521 [INFO] WebApp:191 - Connection restablished
2025-10-15 18:31:46,958 [INFO] WebApp:194 - Connection lost
2025-10-15 18:31:58,520 [INFO] WebApp:191 - Connection restablished
2025-10-15 19:26:22,993 [INFO] WebApp:194 - Connection lost
2025-10-15 19:26:28,510 [INFO] WebApp:191 - Connection restablished
2025-10-15 19:41:51,446 [INFO] WebApp:194 - Connection lost
2025-10-15 19:41:57,580 [INFO] WebApp:191 - Connection restablished
2025-10-15 22:19:35,978 [INFO] WebApp:194 - Connection lost
2025-10-15 22:19:41,055 [INFO] WebApp:191 - Connection restablished
2025-10-15 22:44:06,455 [INFO] WebApp:194 - Connection lost
2025-10-15 22:44:11,704 [INFO] WebApp:191 - Connection restablished
2025-10-15 22:44:12,643 [ERROR] LogOutputStream:75 - [STDERR_REDIRECT] 22:44:12.609 ERROR Chromium process exit code: 139
2025-10-15 22:44:12,653 [ERROR] LogOutputStream:75 - [STDERR_REDIRECT] 
2025-10-15 22:44:12,654 [ERROR] LogOutputStream:75 - [STDERR_REDIRECT] 22:44:12.653 ERROR Crash dump dir: /Users/thxssio/Library/Application Support/JxBrowser/7.41.4/CrashReports
2025-10-15 22:44:12,654 [ERROR] LogOutputStream:75 - [STDERR_REDIRECT] 
2025-10-15 22:44:12,670 [ERROR] WebApp:412 - JxBrowser engine crashed! Exit code: 139
